SF:lib/components/error_loading_page.dart
DA:8,1
DA:11,1
DA:13,1
DA:15,1
DA:16,1
DA:18,1
DA:23,3
LF:7
LH:7
end_of_record
SF:lib/components/episode_info_details.dart
DA:10,4
DA:12,2
DA:14,2
DA:15,2
DA:17,2
DA:21,2
DA:23,2
DA:25,2
DA:26,4
DA:27,4
DA:28,4
DA:29,4
DA:37,2
DA:38,2
DA:39,2
DA:40,6
DA:50,2
DA:51,8
LF:18
LH:18
end_of_record
SF:lib/models/tv_show_episodes_model.dart
DA:16,0
DA:32,4
DA:33,4
DA:34,4
DA:35,4
DA:36,4
DA:37,4
DA:38,4
DA:39,4
DA:40,4
DA:41,4
DA:42,4
DA:43,4
DA:44,8
DA:46,4
DA:47,8
DA:49,4
DA:51,4
DA:52,2
DA:53,2
DA:54,2
DA:55,2
DA:56,2
DA:57,2
DA:58,2
DA:59,2
DA:60,2
DA:61,2
DA:62,4
DA:63,4
DA:64,2
DA:71,0
DA:75,8
DA:77,6
DA:84,0
DA:89,4
DA:90,4
DA:91,4
DA:93,8
LF:39
LH:36
end_of_record
SF:lib/components/episode_details_synopsis.dart
DA:10,2
DA:13,1
DA:15,2
DA:17,2
DA:18,2
DA:20,2
DA:22,2
DA:32,2
DA:33,2
DA:34,2
DA:35,2
LF:11
LH:11
end_of_record
SF:lib/utils/theme/styled_text.dart
DA:6,9
DA:7,3
LF:2
LH:2
end_of_record
SF:lib/utils/functions/shared_function.dart
DA:3,6
DA:4,6
DA:5,6
DA:7,12
LF:4
LH:4
end_of_record
SF:lib/models/tv_show_model.dart
DA:14,0
DA:28,1
DA:29,1
DA:30,1
DA:31,1
DA:32,1
DA:33,4
DA:34,1
DA:35,1
DA:36,1
DA:37,1
DA:38,2
DA:40,1
DA:41,2
DA:43,1
DA:45,2
DA:46,1
DA:47,1
DA:48,1
DA:49,1
DA:50,1
DA:51,1
DA:52,2
DA:53,2
DA:54,1
DA:55,1
DA:56,1
DA:63,0
DA:67,2
DA:69,3
DA:76,0
DA:81,1
DA:82,1
DA:83,1
DA:85,4
LF:35
LH:32
end_of_record
SF:lib/pages/tv_show_details_page.dart
DA:11,1
DA:13,1
DA:15,1
DA:16,1
DA:18,1
DA:19,1
DA:20,1
DA:21,1
DA:22,1
DA:23,4
DA:25,1
DA:26,1
DA:27,4
DA:31,1
DA:34,1
DA:39,1
DA:41,3
DA:45,3
DA:48,4
LF:19
LH:19
end_of_record
SF:lib/repositories/tv_show_repository.dart
DA:9,3
DA:11,1
DA:13,3
DA:15,2
DA:16,0
DA:17,0
DA:21,2
DA:23,6
DA:24,2
DA:25,4
DA:26,2
DA:27,4
DA:32,0
DA:33,0
LF:14
LH:10
end_of_record
SF:lib/components/episodes_list.dart
DA:11,2
DA:14,2
DA:16,2
DA:18,2
DA:20,2
DA:21,2
DA:22,2
DA:23,2
DA:24,2
DA:25,6
DA:26,4
DA:32,2
DA:33,2
DA:34,4
DA:44,2
DA:45,2
DA:46,6
DA:56,3
DA:58,1
LF:19
LH:19
end_of_record
SF:lib/controllers/tv_show_controller.dart
DA:14,2
DA:16,2
DA:18,1
DA:19,2
DA:20,1
DA:24,1
DA:25,2
DA:26,2
DA:27,2
DA:31,2
DA:33,2
DA:34,2
DA:36,2
DA:37,2
DA:39,2
DA:43,2
LF:16
LH:16
end_of_record
SF:lib/pages/tv_show_page.dart
DA:14,1
DA:16,1
DA:18,1
DA:19,1
DA:21,1
DA:23,1
DA:24,2
DA:25,1
DA:26,1
DA:27,1
DA:29,1
DA:30,1
DA:32,1
DA:34,1
DA:36,1
DA:37,1
DA:38,1
DA:39,1
DA:40,1
DA:41,3
DA:42,4
DA:48,1
DA:49,2
DA:59,1
DA:62,1
DA:63,1
DA:64,2
DA:65,1
DA:74,1
DA:75,1
DA:77,2
DA:78,2
DA:79,2
DA:80,2
DA:81,3
DA:90,1
DA:92,1
DA:109,1
DA:110,1
DA:112,1
DA:113,2
DA:114,3
DA:115,1
DA:116,1
DA:117,3
DA:126,1
DA:127,0
LF:47
LH:46
end_of_record
SF:lib/controllers/tv_show_details_controller.dart
DA:6,0
LF:1
LH:0
end_of_record
